Flutter crash report.
Please report a bug at https://github.com/flutter/flutter/issues.

## command

flutter run --machine --start-paused -d 4F4C11C9-18A9-456C-9DC7-4296C160F4E9 --dart-define=flutter.inspector.structuredErrors=true --web-allow-expose-url --devtools-server-address http://127.0.0.1:9100/ --target lib/main.dart

## exception

SentinelException: [Sentinel kind: Collected, valueAsString: <collected>] from getIsolate()

```
```

## flutter doctor

```
[✓] Flutter (Channel master, 2.1.0-13.0.pre.284, on macOS 11.4 20F71 darwin-arm, locale en-ID)
    • Flutter version 2.1.0-13.0.pre.284 at /Users/buildwithangga/development/flutter
    • Framework revision c6977946f4 (4 months ago), 2021-03-25 20:58:49 -0400
    • Engine revision b5e15d055d
    • Dart version 2.13.0 (build 2.13.0-162.0.dev)

[✓] Android toolchain - develop for Android devices (Android SDK version 30.0.3)
    • Android SDK at /Users/buildwithangga/Library/Android/sdk
    • Platform android-30, build-tools 30.0.3
    • Java binary at: /Applications/Android Studio.app/Contents/jre/jdk/Contents/Home/bin/java
    • Java version OpenJDK Runtime Environment (build 1.8.0_242-release-1644-b3-6915495)
    • All Android licenses accepted.

[✓] Xcode - develop for iOS and macOS
    • Xcode at /Applications/Xcode.app/Contents/Developer
    • Xcode 12.5, Build version 12E262
    • CocoaPods version 1.10.1

[✓] Chrome - develop for the web
    • Chrome at /Applications/Google Chrome.app/Contents/MacOS/Google Chrome

[✓] Android Studio (version 4.1)
    • Android Studio at /Applications/Android Studio.app/Contents
    • Flutter plugin can be installed from:
      🔨 https://plugins.jetbrains.com/plugin/9212-flutter
    • Dart plugin can be installed from:
      🔨 https://plugins.jetbrains.com/plugin/6351-dart
    • Java version OpenJDK Runtime Environment (build 1.8.0_242-release-1644-b3-6915495)

[✓] Connected device (2 available)
    • iPhone 11 (mobile) • 4F4C11C9-18A9-456C-9DC7-4296C160F4E9 • ios            • com.apple.CoreSimulator.SimRuntime.iOS-14-5 (simulator)
    • Chrome (web)       • chrome                               • web-javascript • Google Chrome 92.0.4515.107

• No issues found!
```
